app/build/intermediates/manifest_merge_blame_file/debug/manifest-merger-blame-debug-report.txt
1<?xml version="1.0" encoding="utf-8"?>
2<manifest xmlns:android="http://schemas.android.com/apk/res/android"
3    package="com.nurs.museumapp"
4    android:installLocation="auto"
5    android:versionCode="1"
6    android:versionName="1.0" >
7
8    <uses-sdk
9        android:minSdkVersion="21"
9-->src/main/AndroidManifest.xml
10        android:targetSdkVersion="31" />
10-->src/main/AndroidManifest.xml
11
12    <uses-feature android:name="android.hardware.camera" />
12-->src/main/AndroidManifest.xml:7:3-57
12-->src/main/AndroidManifest.xml:7:17-55
13
14    <uses-permission android:name="android.permission.INTERNET" />
14-->src/main/AndroidManifest.xml:9:3-64
14-->src/main/AndroidManifest.xml:9:20-62
15    <uses-permission android:name="android.permission.CAMERA" />
15-->src/main/AndroidManifest.xml:10:3-62
15-->src/main/AndroidManifest.xml:10:20-60
16
17    <!-- For remote config -->
18    <uses-permission android:name="android.permission.ACCESS_NETWORK_STATE" />
18-->[com.google.mlkit:object-detection:16.2.8] AndroidManifest.xml:7:5-79
18-->[com.google.mlkit:object-detection:16.2.8] AndroidManifest.xml:7:22-76
19
20    <application
20-->src/main/AndroidManifest.xml:12:3-65:17
21        android:allowBackup="false"
21-->src/main/AndroidManifest.xml:13:7-34
22        android:appComponentFactory="androidx.core.app.CoreComponentFactory"
22-->[androidx.core:core:1.7.0] AndroidManifest.xml:24:18-86
23        android:debuggable="true"
24        android:icon="@drawable/logo_mlkit"
24-->src/main/AndroidManifest.xml:14:7-42
25        android:label="@string/app_name"
25-->src/main/AndroidManifest.xml:15:7-39
26        android:supportsRtl="true"
26-->src/main/AndroidManifest.xml:16:7-33
27        android:testOnly="true"
28        android:theme="@style/AppTheme" >
28-->src/main/AndroidManifest.xml:17:7-38
29        <meta-data
29-->src/main/AndroidManifest.xml:20:5-22:64
30            android:name="com.google.android.gms.version"
30-->src/main/AndroidManifest.xml:21:9-54
31            android:value="@integer/google_play_services_version" />
31-->src/main/AndroidManifest.xml:22:9-62
32
33        <activity
33-->src/main/AndroidManifest.xml:24:5-32:16
34            android:name="com.google.mlkit.md.LiveBarcodeScanningActivity"
34-->src/main/AndroidManifest.xml:25:9-71
35            android:exported="true"
35-->src/main/AndroidManifest.xml:26:9-32
36            android:screenOrientation="portrait" >
36-->src/main/AndroidManifest.xml:27:9-45
37            <intent-filter>
37-->src/main/AndroidManifest.xml:28:7-31:23
38                <action android:name="android.intent.action.MAIN" />
38-->src/main/AndroidManifest.xml:29:9-60
38-->src/main/AndroidManifest.xml:29:17-58
39
40                <category android:name="android.intent.category.LAUNCHER" />
40-->src/main/AndroidManifest.xml:30:9-68
40-->src/main/AndroidManifest.xml:30:19-66
41            </intent-filter>
42        </activity>
43        <activity
43-->src/main/AndroidManifest.xml:34:5-38:16
44            android:name="com.google.mlkit.md.LiveObjectDetectionActivity"
44-->src/main/AndroidManifest.xml:35:9-71
45            android:exported="false"
45-->src/main/AndroidManifest.xml:36:9-33
46            android:screenOrientation="portrait" >
46-->src/main/AndroidManifest.xml:37:9-45
47        </activity>
48
49        <!-- <activity -->
50        <!-- android:name="com.google.mlkit.md.LiveBarcodeScanningActivity" -->
51        <!-- android:exported="false" -->
52        <!-- android:screenOrientation="portrait"> -->
53        <!-- </activity> -->
54
55        <activity
55-->src/main/AndroidManifest.xml:46:5-50:16
56            android:name="com.google.mlkit.md.StaticObjectDetectionActivity"
56-->src/main/AndroidManifest.xml:47:9-73
57            android:exported="false"
57-->src/main/AndroidManifest.xml:48:9-33
58            android:screenOrientation="portrait" >
58-->src/main/AndroidManifest.xml:49:9-45
59        </activity>
60        <activity
60-->src/main/AndroidManifest.xml:52:5-56:16
61            android:name="com.google.mlkit.md.CustomModelObjectDetectionActivity"
61-->src/main/AndroidManifest.xml:53:9-78
62            android:exported="false"
62-->src/main/AndroidManifest.xml:54:9-33
63            android:screenOrientation="portrait" >
63-->src/main/AndroidManifest.xml:55:9-45
64        </activity>
65        <activity
65-->src/main/AndroidManifest.xml:58:5-63:16
66            android:name="com.google.mlkit.md.settings.SettingsActivity"
66-->src/main/AndroidManifest.xml:59:9-69
67            android:exported="false"
67-->src/main/AndroidManifest.xml:60:9-33
68            android:label="@string/settings_title"
68-->src/main/AndroidManifest.xml:61:9-47
69            android:screenOrientation="portrait" >
69-->src/main/AndroidManifest.xml:62:9-45
70        </activity>
71
72        <service
72-->[com.google.mlkit:object-detection:16.2.8] AndroidManifest.xml:11:9-17:19
73            android:name="com.google.mlkit.common.internal.MlKitComponentDiscoveryService"
73-->[com.google.mlkit:object-detection:16.2.8] AndroidManifest.xml:12:13-91
74            android:directBootAware="true"
74-->[com.google.mlkit:common:17.5.0] AndroidManifest.xml:17:13-43
75            android:exported="false" >
75-->[com.google.mlkit:object-detection:16.2.8] AndroidManifest.xml:13:13-37
76            <meta-data
76-->[com.google.mlkit:object-detection:16.2.8] AndroidManifest.xml:14:13-16:85
77                android:name="com.google.firebase.components:com.google.mlkit.vision.objects.defaults.internal.DefaultObjectsRegistrar"
77-->[com.google.mlkit:object-detection:16.2.8] AndroidManifest.xml:15:17-136
78                android:value="com.google.firebase.components.ComponentRegistrar" />
78-->[com.google.mlkit:object-detection:16.2.8] AndroidManifest.xml:16:17-82
79            <meta-data
79-->[com.google.mlkit:object-detection-custom:16.3.4] AndroidManifest.xml:11:13-13:85
80                android:name="com.google.firebase.components:com.google.mlkit.vision.objects.custom.internal.CustomObjectsRegistrar"
80-->[com.google.mlkit:object-detection-custom:16.3.4] AndroidManifest.xml:12:17-133
81                android:value="com.google.firebase.components.ComponentRegistrar" />
81-->[com.google.mlkit:object-detection-custom:16.3.4] AndroidManifest.xml:13:17-82
82            <meta-data
82-->[com.google.android.gms:play-services-mlkit-barcode-scanning:17.0.0] AndroidManifest.xml:12:13-14:85
83                android:name="com.google.firebase.components:com.google.mlkit.vision.barcode.internal.BarcodeRegistrar"
83-->[com.google.android.gms:play-services-mlkit-barcode-scanning:17.0.0] AndroidManifest.xml:13:17-120
84                android:value="com.google.firebase.components.ComponentRegistrar" />
84-->[com.google.android.gms:play-services-mlkit-barcode-scanning:17.0.0] AndroidManifest.xml:14:17-82
85            <meta-data
85-->[com.google.mlkit:vision-internal-vkp:18.2.1] AndroidManifest.xml:14:13-16:85
86                android:name="com.google.firebase.components:com.google.mlkit.vision.vkp.VkpRegistrar"
86-->[com.google.mlkit:vision-internal-vkp:18.2.1] AndroidManifest.xml:15:17-103
87                android:value="com.google.firebase.components.ComponentRegistrar" />
87-->[com.google.mlkit:vision-internal-vkp:18.2.1] AndroidManifest.xml:16:17-82
88            <meta-data
88-->[com.google.mlkit:vision-common:16.7.0] AndroidManifest.xml:12:13-14:85
89                android:name="com.google.firebase.components:com.google.mlkit.vision.common.internal.VisionCommonRegistrar"
89-->[com.google.mlkit:vision-common:16.7.0] AndroidManifest.xml:13:17-124
90                android:value="com.google.firebase.components.ComponentRegistrar" />
90-->[com.google.mlkit:vision-common:16.7.0] AndroidManifest.xml:14:17-82
91            <meta-data
91-->[com.google.mlkit:common:17.5.0] AndroidManifest.xml:20:13-22:85
92                android:name="com.google.firebase.components:com.google.mlkit.common.internal.CommonComponentRegistrar"
92-->[com.google.mlkit:common:17.5.0] AndroidManifest.xml:21:17-120
93                android:value="com.google.firebase.components.ComponentRegistrar" />
93-->[com.google.mlkit:common:17.5.0] AndroidManifest.xml:22:17-82
94        </service>
95
96        <activity
96-->[androidx.compose.ui:ui-tooling:1.0.5] AndroidManifest.xml:25:9-27:39
97            android:name="androidx.compose.ui.tooling.PreviewActivity"
97-->[androidx.compose.ui:ui-tooling:1.0.5] AndroidManifest.xml:26:13-71
98            android:exported="true" />
98-->[androidx.compose.ui:ui-tooling:1.0.5] AndroidManifest.xml:27:13-36
99
100        <provider
100-->[com.google.mlkit:common:17.5.0] AndroidManifest.xml:9:9-13:38
101            android:name="com.google.mlkit.common.internal.MlKitInitProvider"
101-->[com.google.mlkit:common:17.5.0] AndroidManifest.xml:10:13-78
102            android:authorities="com.nurs.museumapp.mlkitinitprovider"
102-->[com.google.mlkit:common:17.5.0] AndroidManifest.xml:11:13-69
103            android:exported="false"
103-->[com.google.mlkit:common:17.5.0] AndroidManifest.xml:12:13-37
104            android:initOrder="99" />
104-->[com.google.mlkit:common:17.5.0] AndroidManifest.xml:13:13-35
105
106        <activity
106-->[com.google.android.gms:play-services-base:17.6.0] AndroidManifest.xml:23:9-26:75
107            android:name="com.google.android.gms.common.api.GoogleApiActivity"
107-->[com.google.android.gms:play-services-base:17.6.0] AndroidManifest.xml:24:13-79
108            android:exported="false"
108-->[com.google.android.gms:play-services-base:17.6.0] AndroidManifest.xml:25:13-37
109            android:theme="@android:style/Theme.Translucent.NoTitleBar" />
109-->[com.google.android.gms:play-services-base:17.6.0] AndroidManifest.xml:26:13-72
110
111        <service
111-->[com.google.android.datatransport:transport-backend-cct:2.3.3] AndroidManifest.xml:29:9-35:19
112            android:name="com.google.android.datatransport.runtime.backends.TransportBackendDiscovery"
112-->[com.google.android.datatransport:transport-backend-cct:2.3.3] AndroidManifest.xml:30:13-103
113            android:exported="false" >
113-->[com.google.android.datatransport:transport-backend-cct:2.3.3] AndroidManifest.xml:31:13-37
114            <meta-data
114-->[com.google.android.datatransport:transport-backend-cct:2.3.3] AndroidManifest.xml:32:13-34:39
115                android:name="backend:com.google.android.datatransport.cct.CctBackendFactory"
115-->[com.google.android.datatransport:transport-backend-cct:2.3.3] AndroidManifest.xml:33:17-94
116                android:value="cct" />
116-->[com.google.android.datatransport:transport-backend-cct:2.3.3] AndroidManifest.xml:34:17-36
117        </service>
118        <service
118-->[com.google.android.datatransport:transport-runtime:2.2.6] AndroidManifest.xml:26:9-30:19
119            android:name="com.google.android.datatransport.runtime.scheduling.jobscheduling.JobInfoSchedulerService"
119-->[com.google.android.datatransport:transport-runtime:2.2.6] AndroidManifest.xml:27:13-117
120            android:exported="false"
120-->[com.google.android.datatransport:transport-runtime:2.2.6] AndroidManifest.xml:28:13-37
121            android:permission="android.permission.BIND_JOB_SERVICE" >
121-->[com.google.android.datatransport:transport-runtime:2.2.6] AndroidManifest.xml:29:13-69
122        </service>
123
124        <receiver
124-->[com.google.android.datatransport:transport-runtime:2.2.6] AndroidManifest.xml:32:9-34:40
125            android:name="com.google.android.datatransport.runtime.scheduling.jobscheduling.AlarmManagerSchedulerBroadcastReceiver"
125-->[com.google.android.datatransport:transport-runtime:2.2.6] AndroidManifest.xml:33:13-132
126            android:exported="false" />
126-->[com.google.android.datatransport:transport-runtime:2.2.6] AndroidManifest.xml:34:13-37
127
128        <provider
128-->[androidx.lifecycle:lifecycle-process:2.1.0] AndroidManifest.xml:23:9-27:43
129            android:name="androidx.lifecycle.ProcessLifecycleOwnerInitializer"
129-->[androidx.lifecycle:lifecycle-process:2.1.0] AndroidManifest.xml:24:13-79
130            android:authorities="com.nurs.museumapp.lifecycle-process"
130-->[androidx.lifecycle:lifecycle-process:2.1.0] AndroidManifest.xml:25:13-69
131            android:exported="false"
131-->[androidx.lifecycle:lifecycle-process:2.1.0] AndroidManifest.xml:26:13-37
132            android:multiprocess="true" />
132-->[androidx.lifecycle:lifecycle-process:2.1.0] AndroidManifest.xml:27:13-40
133        <provider
133-->[androidx.profileinstaller:profileinstaller:1.1.0-beta03] AndroidManifest.xml:26:9-34:20
134            android:name="androidx.startup.InitializationProvider"
134-->[androidx.profileinstaller:profileinstaller:1.1.0-beta03] AndroidManifest.xml:27:13-67
135            android:authorities="com.nurs.museumapp.androidx-startup"
135-->[androidx.profileinstaller:profileinstaller:1.1.0-beta03] AndroidManifest.xml:28:13-68
136            android:exported="false" >
136-->[androidx.profileinstaller:profileinstaller:1.1.0-beta03] AndroidManifest.xml:29:13-37
137            <meta-data
137-->[androidx.profileinstaller:profileinstaller:1.1.0-beta03] AndroidManifest.xml:31:13-33:52
138                android:name="androidx.profileinstaller.ProfileInstallerInitializer"
138-->[androidx.profileinstaller:profileinstaller:1.1.0-beta03] AndroidManifest.xml:32:17-85
139                android:value="androidx.startup" />
139-->[androidx.profileinstaller:profileinstaller:1.1.0-beta03] AndroidManifest.xml:33:17-49
140        </provider>
141
142        <receiver
142-->[androidx.profileinstaller:profileinstaller:1.1.0-beta03] AndroidManifest.xml:36:9-45:20
143            android:name="androidx.profileinstaller.ProfileInstallReceiver"
143-->[androidx.profileinstaller:profileinstaller:1.1.0-beta03] AndroidManifest.xml:37:13-76
144            android:directBootAware="false"
144-->[androidx.profileinstaller:profileinstaller:1.1.0-beta03] AndroidManifest.xml:38:13-44
145            android:enabled="true"
145-->[androidx.profileinstaller:profileinstaller:1.1.0-beta03] AndroidManifest.xml:39:13-35
146            android:exported="true"
146-->[androidx.profileinstaller:profileinstaller:1.1.0-beta03] AndroidManifest.xml:40:13-36
147            android:permission="android.permission.DUMP" >
147-->[androidx.profileinstaller:profileinstaller:1.1.0-beta03] AndroidManifest.xml:41:13-57
148            <intent-filter>
148-->[androidx.profileinstaller:profileinstaller:1.1.0-beta03] AndroidManifest.xml:42:13-44:29
149                <action android:name="androidx.profileinstaller.action.INSTALL_PROFILE" />
149-->[androidx.profileinstaller:profileinstaller:1.1.0-beta03] AndroidManifest.xml:43:17-91
149-->[androidx.profileinstaller:profileinstaller:1.1.0-beta03] AndroidManifest.xml:43:25-88
150            </intent-filter>
151        </receiver>
152    </application>
153
154</manifest>